<?xml version="1.0" encoding="UTF-8"?>
<!-- Generated by org.testng.reporters.JUnitReportReporter -->
<testsuite hostname="LOVEKICK" failures="0" tests="1" name="com.orangehrm.qa.pages.PIMLandingPage" time="19.525" errors="0" timestamp="2022-09-25T16:38:58 IST" skipped="0">
  <testcase classname="com.orangehrm.qa.pages.PIMLandingPage" name="addEmployeeTest" time="19.525"/>
  <system-out/>
</testsuite> <!-- com.orangehrm.qa.pages.PIMLandingPage -->
