<?xml version="1.0" encoding="UTF-8"?>
<!-- Generated by org.testng.reporters.JUnitReportReporter -->
<testsuite hostname="LOVEKICK" failures="0" tests="1" name="com.orangehrm.qa.pages.PIMLandingPage" time="14.911" errors="0" timestamp="2022-10-13T18:40:15 IST" skipped="0">
  <testcase classname="com.orangehrm.qa.pages.PIMLandingPage" name="deleteEmployeeTest" time="14.911"/>
  <system-out/>
</testsuite> <!-- com.orangehrm.qa.pages.PIMLandingPage -->
