<?xml version="1.0" encoding="UTF-8"?>
<!-- Generated by org.testng.reporters.JUnitReportReporter -->
<testsuite hostname="LOVEKICK" failures="0" tests="10" name="com.orangehrm.qa.pages.LoginPage" time="160.187" errors="0" timestamp="2022-09-25T17:04:07 IST" skipped="0">
  <testcase classname="com.orangehrm.qa.pages.LoginPage" name="checkLandingPageTitleTest" time="16.591"/>
  <system-out/>
  <testcase classname="com.orangehrm.qa.pages.LoginPage" name="checkloginTest" time="10.619"/>
  <system-out/>
  <testcase classname="com.orangehrm.qa.pages.LoginPage" name="emptypasswordSpaceLoginTest" time="15.656"/>
  <system-out/>
  <testcase classname="com.orangehrm.qa.pages.LoginPage" name="emptyusernameSpaceLoginTest" time="21.094"/>
  <system-out/>
  <testcase classname="com.orangehrm.qa.pages.LoginPage" name="emptyUserPassSpaceTest" time="19.068"/>
  <system-out/>
  <testcase classname="com.orangehrm.qa.pages.LoginPage" name="checkLogoutTest" time="15.742"/>
  <system-out/>
  <testcase classname="com.orangehrm.qa.pages.LoginPage" name="checkLinkedinShareTest" time="9.710"/>
  <system-out/>
  <testcase classname="com.orangehrm.qa.pages.LoginPage" name="checkFacebookShareTest" time="19.150"/>
  <system-out/>
  <testcase classname="com.orangehrm.qa.pages.LoginPage" name="checkTwitterShareTest" time="15.325"/>
  <system-out/>
  <testcase classname="com.orangehrm.qa.pages.LoginPage" name="checkYoutubeShareTest" time="17.232"/>
  <system-out/>
</testsuite> <!-- com.orangehrm.qa.pages.LoginPage -->
